{"C:\\internship-homework\\redux-toolkit\\src\\App.jsx": {"path":"C:\\internship-homework\\redux-toolkit\\src\\App.jsx","statementMap":{"0":{"start":{"line":7,"column":12},"end":{"line":16,"column":1}},"1":{"start":{"line":8,"column":1},"end":{"line":15,"column":3}}},"fnMap":{"0":{"name":"(anonymous_0)","decl":{"start":{"line":7,"column":12},"end":{"line":7,"column":13}},"loc":{"start":{"line":7,"column":18},"end":{"line":16,"column":1}},"line":7}},"branchMap":{},"s":{"0":0,"1":0},"f":{"0":0},"b":{}}
,"C:\\internship-homework\\redux-toolkit\\src\\main.jsx": {"path":"C:\\internship-homework\\redux-toolkit\\src\\main.jsx","statementMap":{"0":{"start":{"line":8,"column":0},"end":{"line":14,"column":2}}},"fnMap":{},"branchMap":{},"s":{"0":0},"f":{},"b":{}}
,"C:\\internship-homework\\redux-toolkit\\src\\components\\Counter\\Counter.jsx": {"path":"C:\\internship-homework\\redux-toolkit\\src\\components\\Counter\\Counter.jsx","statementMap":{"0":{"start":{"line":14,"column":16},"end":{"line":29,"column":1}},"1":{"start":{"line":15,"column":15},"end":{"line":15,"column":58}},"2":{"start":{"line":15,"column":38},"end":{"line":15,"column":57}},"3":{"start":{"line":16,"column":18},"end":{"line":16,"column":31}},"4":{"start":{"line":18,"column":1},"end":{"line":28,"column":3}},"5":{"start":{"line":23,"column":51},"end":{"line":23,"column":72}},"6":{"start":{"line":24,"column":47},"end":{"line":24,"column":64}},"7":{"start":{"line":25,"column":51},"end":{"line":25,"column":72}}},"fnMap":{"0":{"name":"(anonymous_0)","decl":{"start":{"line":14,"column":16},"end":{"line":14,"column":17}},"loc":{"start":{"line":14,"column":22},"end":{"line":29,"column":1}},"line":14},"1":{"name":"(anonymous_1)","decl":{"start":{"line":15,"column":27},"end":{"line":15,"column":28}},"loc":{"start":{"line":15,"column":38},"end":{"line":15,"column":57}},"line":15},"2":{"name":"(anonymous_2)","decl":{"start":{"line":23,"column":45},"end":{"line":23,"column":46}},"loc":{"start":{"line":23,"column":51},"end":{"line":23,"column":72}},"line":23},"3":{"name":"(anonymous_3)","decl":{"start":{"line":24,"column":41},"end":{"line":24,"column":42}},"loc":{"start":{"line":24,"column":47},"end":{"line":24,"column":64}},"line":24},"4":{"name":"(anonymous_4)","decl":{"start":{"line":25,"column":45},"end":{"line":25,"column":46}},"loc":{"start":{"line":25,"column":51},"end":{"line":25,"column":72}},"line":25}},"branchMap":{},"s":{"0":0,"1":0,"2":0,"3":0,"4":0,"5":0,"6":0,"7":0},"f":{"0":0,"1":0,"2":0,"3":0,"4":0},"b":{}}
,"C:\\internship-homework\\redux-toolkit\\src\\components\\Form\\Form.jsx": {"path":"C:\\internship-homework\\redux-toolkit\\src\\components\\Form\\Form.jsx","statementMap":{"0":{"start":{"line":18,"column":13},"end":{"line":62,"column":1}},"1":{"start":{"line":19,"column":15},"end":{"line":19,"column":55}},"2":{"start":{"line":19,"column":38},"end":{"line":19,"column":54}},"3":{"start":{"line":20,"column":14},"end":{"line":20,"column":53}},"4":{"start":{"line":20,"column":37},"end":{"line":20,"column":52}},"5":{"start":{"line":21,"column":16},"end":{"line":21,"column":57}},"6":{"start":{"line":21,"column":39},"end":{"line":21,"column":56}},"7":{"start":{"line":23,"column":18},"end":{"line":23,"column":31}},"8":{"start":{"line":25,"column":1},"end":{"line":61,"column":3}},"9":{"start":{"line":30,"column":22},"end":{"line":30,"column":66}},"10":{"start":{"line":38,"column":22},"end":{"line":38,"column":65}},"11":{"start":{"line":44,"column":22},"end":{"line":44,"column":64}},"12":{"start":{"line":55,"column":6},"end":{"line":55,"column":34}},"13":{"start":{"line":56,"column":6},"end":{"line":56,"column":49}}},"fnMap":{"0":{"name":"(anonymous_0)","decl":{"start":{"line":18,"column":13},"end":{"line":18,"column":14}},"loc":{"start":{"line":18,"column":19},"end":{"line":62,"column":1}},"line":18},"1":{"name":"(anonymous_1)","decl":{"start":{"line":19,"column":27},"end":{"line":19,"column":28}},"loc":{"start":{"line":19,"column":38},"end":{"line":19,"column":54}},"line":19},"2":{"name":"(anonymous_2)","decl":{"start":{"line":20,"column":26},"end":{"line":20,"column":27}},"loc":{"start":{"line":20,"column":37},"end":{"line":20,"column":52}},"line":20},"3":{"name":"(anonymous_3)","decl":{"start":{"line":21,"column":28},"end":{"line":21,"column":29}},"loc":{"start":{"line":21,"column":39},"end":{"line":21,"column":56}},"line":21},"4":{"name":"(anonymous_4)","decl":{"start":{"line":30,"column":15},"end":{"line":30,"column":16}},"loc":{"start":{"line":30,"column":22},"end":{"line":30,"column":66}},"line":30},"5":{"name":"(anonymous_5)","decl":{"start":{"line":38,"column":15},"end":{"line":38,"column":16}},"loc":{"start":{"line":38,"column":22},"end":{"line":38,"column":65}},"line":38},"6":{"name":"(anonymous_6)","decl":{"start":{"line":44,"column":15},"end":{"line":44,"column":16}},"loc":{"start":{"line":44,"column":22},"end":{"line":44,"column":64}},"line":44},"7":{"name":"(anonymous_7)","decl":{"start":{"line":54,"column":14},"end":{"line":54,"column":15}},"loc":{"start":{"line":54,"column":20},"end":{"line":57,"column":6}},"line":54}},"branchMap":{},"s":{"0":0,"1":0,"2":0,"3":0,"4":0,"5":0,"6":0,"7":0,"8":0,"9":0,"10":0,"11":0,"12":0,"13":0},"f":{"0":0,"1":0,"2":0,"3":0,"4":0,"5":0,"6":0,"7":0},"b":{}}
,"C:\\internship-homework\\redux-toolkit\\src\\components\\Posts\\Posts.jsx": {"path":"C:\\internship-homework\\redux-toolkit\\src\\components\\Posts\\Posts.jsx","statementMap":{"0":{"start":{"line":10,"column":14},"end":{"line":45,"column":1}},"1":{"start":{"line":11,"column":15},"end":{"line":11,"column":56}},"2":{"start":{"line":11,"column":38},"end":{"line":11,"column":55}},"3":{"start":{"line":12,"column":16},"end":{"line":12,"column":58}},"4":{"start":{"line":12,"column":39},"end":{"line":12,"column":57}},"5":{"start":{"line":13,"column":15},"end":{"line":13,"column":56}},"6":{"start":{"line":13,"column":38},"end":{"line":13,"column":55}},"7":{"start":{"line":15,"column":18},"end":{"line":15,"column":31}},"8":{"start":{"line":17,"column":24},"end":{"line":20,"column":2}},"9":{"start":{"line":18,"column":13},"end":{"line":18,"column":30}},"10":{"start":{"line":19,"column":13},"end":{"line":19,"column":59}},"11":{"start":{"line":19,"column":36},"end":{"line":19,"column":58}},"12":{"start":{"line":22,"column":23},"end":{"line":22,"column":50}},"13":{"start":{"line":24,"column":1},"end":{"line":26,"column":16}},"14":{"start":{"line":25,"column":2},"end":{"line":25,"column":25}},"15":{"start":{"line":28,"column":1},"end":{"line":44,"column":3}}},"fnMap":{"0":{"name":"(anonymous_0)","decl":{"start":{"line":10,"column":14},"end":{"line":10,"column":15}},"loc":{"start":{"line":10,"column":20},"end":{"line":45,"column":1}},"line":10},"1":{"name":"(anonymous_1)","decl":{"start":{"line":11,"column":27},"end":{"line":11,"column":28}},"loc":{"start":{"line":11,"column":38},"end":{"line":11,"column":55}},"line":11},"2":{"name":"(anonymous_2)","decl":{"start":{"line":12,"column":28},"end":{"line":12,"column":29}},"loc":{"start":{"line":12,"column":39},"end":{"line":12,"column":57}},"line":12},"3":{"name":"(anonymous_3)","decl":{"start":{"line":13,"column":27},"end":{"line":13,"column":28}},"loc":{"start":{"line":13,"column":38},"end":{"line":13,"column":55}},"line":13},"4":{"name":"(anonymous_4)","decl":{"start":{"line":18,"column":2},"end":{"line":18,"column":3}},"loc":{"start":{"line":18,"column":13},"end":{"line":18,"column":30}},"line":18},"5":{"name":"(anonymous_5)","decl":{"start":{"line":19,"column":2},"end":{"line":19,"column":3}},"loc":{"start":{"line":19,"column":13},"end":{"line":19,"column":59}},"line":19},"6":{"name":"(anonymous_6)","decl":{"start":{"line":19,"column":26},"end":{"line":19,"column":27}},"loc":{"start":{"line":19,"column":36},"end":{"line":19,"column":58}},"line":19},"7":{"name":"(anonymous_7)","decl":{"start":{"line":24,"column":11},"end":{"line":24,"column":12}},"loc":{"start":{"line":24,"column":17},"end":{"line":26,"column":2}},"line":24}},"branchMap":{},"s":{"0":0,"1":0,"2":0,"3":0,"4":0,"5":0,"6":0,"7":0,"8":0,"9":0,"10":0,"11":0,"12":0,"13":0,"14":0,"15":0},"f":{"0":0,"1":0,"2":0,"3":0,"4":0,"5":0,"6":0,"7":0},"b":{}}
,"C:\\internship-homework\\redux-toolkit\\src\\components\\Posts\\PostList\\PostList.jsx": {"path":"C:\\internship-homework\\redux-toolkit\\src\\components\\Posts\\PostList\\PostList.jsx","statementMap":{"0":{"start":{"line":8,"column":17},"end":{"line":38,"column":1}},"1":{"start":{"line":9,"column":1},"end":{"line":37,"column":3}},"2":{"start":{"line":28,"column":6},"end":{"line":33,"column":8}}},"fnMap":{"0":{"name":"(anonymous_0)","decl":{"start":{"line":8,"column":17},"end":{"line":8,"column":18}},"loc":{"start":{"line":8,"column":56},"end":{"line":38,"column":1}},"line":8},"1":{"name":"(anonymous_1)","decl":{"start":{"line":27,"column":15},"end":{"line":27,"column":16}},"loc":{"start":{"line":28,"column":6},"end":{"line":33,"column":8}},"line":28}},"branchMap":{"0":{"loc":{"start":{"line":15,"column":6},"end":{"line":21,"column":6}},"type":"cond-expr","locations":[{"start":{"line":16,"column":6},"end":{"line":16,"column":17}},{"start":{"line":17,"column":9},"end":{"line":21,"column":6}}],"line":15},"1":{"loc":{"start":{"line":17,"column":9},"end":{"line":21,"column":6}},"type":"cond-expr","locations":[{"start":{"line":18,"column":6},"end":{"line":18,"column":17}},{"start":{"line":20,"column":6},"end":{"line":20,"column":37}}],"line":17},"2":{"loc":{"start":{"line":25,"column":5},"end":{"line":34,"column":7}},"type":"binary-expr","locations":[{"start":{"line":25,"column":5},"end":{"line":25,"column":10}},{"start":{"line":26,"column":5},"end":{"line":26,"column":21}},{"start":{"line":27,"column":5},"end":{"line":34,"column":7}}],"line":25}},"s":{"0":0,"1":0,"2":0},"f":{"0":0,"1":0},"b":{"0":[0,0],"1":[0,0],"2":[0,0,0]}}
,"C:\\internship-homework\\redux-toolkit\\src\\components\\Posts\\PostList\\Post\\Post.jsx": {"path":"C:\\internship-homework\\redux-toolkit\\src\\components\\Posts\\PostList\\Post\\Post.jsx","statementMap":{"0":{"start":{"line":3,"column":13},"end":{"line":13,"column":1}},"1":{"start":{"line":4,"column":1},"end":{"line":12,"column":3}}},"fnMap":{"0":{"name":"(anonymous_0)","decl":{"start":{"line":3,"column":13},"end":{"line":3,"column":14}},"loc":{"start":{"line":3,"column":42},"end":{"line":13,"column":1}},"line":3}},"branchMap":{},"s":{"0":0,"1":0},"f":{"0":0},"b":{}}
,"C:\\internship-homework\\redux-toolkit\\src\\components\\ui\\Button\\Button.jsx": {"path":"C:\\internship-homework\\redux-toolkit\\src\\components\\ui\\Button\\Button.jsx","statementMap":{"0":{"start":{"line":3,"column":15},"end":{"line":9,"column":1}},"1":{"start":{"line":4,"column":1},"end":{"line":8,"column":3}}},"fnMap":{"0":{"name":"(anonymous_0)","decl":{"start":{"line":3,"column":15},"end":{"line":3,"column":16}},"loc":{"start":{"line":3,"column":62},"end":{"line":9,"column":1}},"line":3}},"branchMap":{"0":{"loc":{"start":{"line":3,"column":40},"end":{"line":3,"column":55}},"type":"default-arg","locations":[{"start":{"line":3,"column":47},"end":{"line":3,"column":55}}],"line":3}},"s":{"0":0,"1":0},"f":{"0":0},"b":{"0":[0]}}
,"C:\\internship-homework\\redux-toolkit\\src\\components\\ui\\Heading\\Heading.jsx": {"path":"C:\\internship-homework\\redux-toolkit\\src\\components\\ui\\Heading\\Heading.jsx","statementMap":{"0":{"start":{"line":3,"column":16},"end":{"line":5,"column":1}},"1":{"start":{"line":4,"column":2},"end":{"line":4,"column":56}}},"fnMap":{"0":{"name":"(anonymous_0)","decl":{"start":{"line":3,"column":16},"end":{"line":3,"column":17}},"loc":{"start":{"line":3,"column":34},"end":{"line":5,"column":1}},"line":3}},"branchMap":{},"s":{"0":0,"1":0},"f":{"0":0},"b":{}}
,"C:\\internship-homework\\redux-toolkit\\src\\components\\ui\\Input\\Input.jsx": {"path":"C:\\internship-homework\\redux-toolkit\\src\\components\\ui\\Input\\Input.jsx","statementMap":{"0":{"start":{"line":3,"column":14},"end":{"line":16,"column":1}},"1":{"start":{"line":4,"column":2},"end":{"line":15,"column":4}}},"fnMap":{"0":{"name":"(anonymous_0)","decl":{"start":{"line":3,"column":14},"end":{"line":3,"column":15}},"loc":{"start":{"line":3,"column":71},"end":{"line":16,"column":1}},"line":3}},"branchMap":{"0":{"loc":{"start":{"line":3,"column":38},"end":{"line":3,"column":51}},"type":"default-arg","locations":[{"start":{"line":3,"column":45},"end":{"line":3,"column":51}}],"line":3},"1":{"loc":{"start":{"line":6,"column":7},"end":{"line":6,"column":48}},"type":"binary-expr","locations":[{"start":{"line":6,"column":7},"end":{"line":6,"column":18}},{"start":{"line":6,"column":22},"end":{"line":6,"column":48}}],"line":6}},"s":{"0":0,"1":0},"f":{"0":0},"b":{"0":[0],"1":[0,0]}}
,"C:\\internship-homework\\redux-toolkit\\src\\components\\ui\\Spinner\\Spinner.jsx": {"path":"C:\\internship-homework\\redux-toolkit\\src\\components\\ui\\Spinner\\Spinner.jsx","statementMap":{"0":{"start":{"line":3,"column":16},"end":{"line":5,"column":1}},"1":{"start":{"line":4,"column":2},"end":{"line":4,"column":48}}},"fnMap":{"0":{"name":"(anonymous_0)","decl":{"start":{"line":3,"column":16},"end":{"line":3,"column":17}},"loc":{"start":{"line":3,"column":22},"end":{"line":5,"column":1}},"line":3}},"branchMap":{},"s":{"0":0,"1":0},"f":{"0":0},"b":{}}
,"C:\\internship-homework\\redux-toolkit\\src\\components\\ui\\Textarea\\Textarea.jsx": {"path":"C:\\internship-homework\\redux-toolkit\\src\\components\\ui\\Textarea\\Textarea.jsx","statementMap":{"0":{"start":{"line":2,"column":17},"end":{"line":14,"column":1}},"1":{"start":{"line":3,"column":2},"end":{"line":13,"column":4}}},"fnMap":{"0":{"name":"(anonymous_0)","decl":{"start":{"line":2,"column":17},"end":{"line":2,"column":18}},"loc":{"start":{"line":2,"column":59},"end":{"line":14,"column":1}},"line":2}},"branchMap":{"0":{"loc":{"start":{"line":5,"column":7},"end":{"line":5,"column":48}},"type":"binary-expr","locations":[{"start":{"line":5,"column":7},"end":{"line":5,"column":18}},{"start":{"line":5,"column":22},"end":{"line":5,"column":48}}],"line":5}},"s":{"0":0,"1":0},"f":{"0":0},"b":{"0":[0,0]}}
,"C:\\internship-homework\\redux-toolkit\\src\\config\\url.config.js": {"path":"C:\\internship-homework\\redux-toolkit\\src\\config\\url.config.js","statementMap":{"0":{"start":{"line":1,"column":24},"end":{"line":1,"column":62}}},"fnMap":{},"branchMap":{},"s":{"0":1},"f":{},"b":{},"_coverageSchema":"1a1c01bbd47fc00a2c39e90264f33305004495a9","hash":"1acd0617fbac139266c822f0cc1d87baf86063f8"}
,"C:\\internship-homework\\redux-toolkit\\src\\redux\\features\\counter\\counterSlice.js": {"path":"C:\\internship-homework\\redux-toolkit\\src\\redux\\features\\counter\\counterSlice.js","statementMap":{"0":{"start":{"line":3,"column":21},"end":{"line":5,"column":1}},"1":{"start":{"line":7,"column":21},"end":{"line":21,"column":2}},"2":{"start":{"line":12,"column":6},"end":{"line":12,"column":23}},"3":{"start":{"line":15,"column":6},"end":{"line":15,"column":23}},"4":{"start":{"line":18,"column":6},"end":{"line":18,"column":22}},"5":{"start":{"line":23,"column":47},"end":{"line":23,"column":67}}},"fnMap":{"0":{"name":"(anonymous_0)","decl":{"start":{"line":11,"column":15},"end":{"line":11,"column":16}},"loc":{"start":{"line":11,"column":26},"end":{"line":13,"column":5}},"line":11},"1":{"name":"(anonymous_1)","decl":{"start":{"line":14,"column":15},"end":{"line":14,"column":16}},"loc":{"start":{"line":14,"column":26},"end":{"line":16,"column":5}},"line":14},"2":{"name":"(anonymous_2)","decl":{"start":{"line":17,"column":11},"end":{"line":17,"column":12}},"loc":{"start":{"line":17,"column":22},"end":{"line":19,"column":5}},"line":17}},"branchMap":{},"s":{"0":1,"1":1,"2":1,"3":1,"4":1,"5":1},"f":{"0":1,"1":1,"2":1},"b":{},"_coverageSchema":"1a1c01bbd47fc00a2c39e90264f33305004495a9","hash":"4d7c09c3bbfa3f79c15b27e5e3ffeb3f07ee5f93"}
,"C:\\internship-homework\\redux-toolkit\\src\\redux\\features\\form\\formSlice.js": {"path":"C:\\internship-homework\\redux-toolkit\\src\\redux\\features\\form\\formSlice.js","statementMap":{"0":{"start":{"line":3,"column":21},"end":{"line":7,"column":1}},"1":{"start":{"line":9,"column":18},"end":{"line":28,"column":2}},"2":{"start":{"line":14,"column":6},"end":{"line":14,"column":35}},"3":{"start":{"line":17,"column":6},"end":{"line":17,"column":34}},"4":{"start":{"line":20,"column":6},"end":{"line":20,"column":36}},"5":{"start":{"line":23,"column":6},"end":{"line":23,"column":39}},"6":{"start":{"line":24,"column":6},"end":{"line":24,"column":37}},"7":{"start":{"line":25,"column":6},"end":{"line":25,"column":41}},"8":{"start":{"line":35,"column":4},"end":{"line":35,"column":21}}},"fnMap":{"0":{"name":"(anonymous_0)","decl":{"start":{"line":13,"column":23},"end":{"line":13,"column":24}},"loc":{"start":{"line":13,"column":42},"end":{"line":15,"column":5}},"line":13},"1":{"name":"(anonymous_1)","decl":{"start":{"line":16,"column":22},"end":{"line":16,"column":23}},"loc":{"start":{"line":16,"column":41},"end":{"line":18,"column":5}},"line":16},"2":{"name":"(anonymous_2)","decl":{"start":{"line":19,"column":24},"end":{"line":19,"column":25}},"loc":{"start":{"line":19,"column":43},"end":{"line":21,"column":5}},"line":19},"3":{"name":"(anonymous_3)","decl":{"start":{"line":22,"column":21},"end":{"line":22,"column":22}},"loc":{"start":{"line":22,"column":32},"end":{"line":26,"column":5}},"line":22}},"branchMap":{},"s":{"0":1,"1":1,"2":1,"3":1,"4":1,"5":1,"6":1,"7":1,"8":1},"f":{"0":1,"1":1,"2":1,"3":1},"b":{},"_coverageSchema":"1a1c01bbd47fc00a2c39e90264f33305004495a9","hash":"be28090e1be801248f06e0b6700eab6a6046e35b"}
,"C:\\internship-homework\\redux-toolkit\\src\\redux\\features\\posts\\postsSlice.js": {"path":"C:\\internship-homework\\redux-toolkit\\src\\redux\\features\\posts\\postsSlice.js","statementMap":{"0":{"start":{"line":5,"column":21},"end":{"line":9,"column":1}},"1":{"start":{"line":11,"column":19},"end":{"line":42,"column":2}},"2":{"start":{"line":16,"column":2},"end":{"line":27,"column":6}},"3":{"start":{"line":18,"column":4},"end":{"line":18,"column":29}},"4":{"start":{"line":21,"column":4},"end":{"line":21,"column":33}},"5":{"start":{"line":22,"column":4},"end":{"line":22,"column":31}},"6":{"start":{"line":25,"column":4},"end":{"line":25,"column":30}},"7":{"start":{"line":26,"column":4},"end":{"line":26,"column":33}},"8":{"start":{"line":29,"column":2},"end":{"line":40,"column":6}},"9":{"start":{"line":31,"column":4},"end":{"line":31,"column":29}},"10":{"start":{"line":34,"column":4},"end":{"line":34,"column":31}},"11":{"start":{"line":35,"column":4},"end":{"line":35,"column":51}},"12":{"start":{"line":38,"column":4},"end":{"line":38,"column":30}},"13":{"start":{"line":39,"column":4},"end":{"line":39,"column":33}},"14":{"start":{"line":44,"column":26},"end":{"line":58,"column":1}},"15":{"start":{"line":47,"column":2},"end":{"line":56,"column":3}},"16":{"start":{"line":48,"column":20},"end":{"line":48,"column":52}},"17":{"start":{"line":49,"column":3},"end":{"line":49,"column":62}},"18":{"start":{"line":49,"column":21},"end":{"line":49,"column":62}},"19":{"start":{"line":51,"column":16},"end":{"line":51,"column":37}},"20":{"start":{"line":53,"column":3},"end":{"line":53,"column":15}},"21":{"start":{"line":55,"column":3},"end":{"line":55,"column":37}},"22":{"start":{"line":60,"column":23},"end":{"line":84,"column":1}},"23":{"start":{"line":63,"column":2},"end":{"line":82,"column":3}},"24":{"start":{"line":64,"column":20},"end":{"line":74,"column":5}},"25":{"start":{"line":76,"column":3},"end":{"line":76,"column":59}},"26":{"start":{"line":76,"column":21},"end":{"line":76,"column":59}},"27":{"start":{"line":78,"column":16},"end":{"line":78,"column":37}},"28":{"start":{"line":79,"column":3},"end":{"line":79,"column":15}},"29":{"start":{"line":81,"column":3},"end":{"line":81,"column":37}}},"fnMap":{"0":{"name":"(anonymous_0)","decl":{"start":{"line":15,"column":16},"end":{"line":15,"column":17}},"loc":{"start":{"line":15,"column":29},"end":{"line":41,"column":2}},"line":15},"1":{"name":"(anonymous_1)","decl":{"start":{"line":17,"column":32},"end":{"line":17,"column":33}},"loc":{"start":{"line":17,"column":43},"end":{"line":19,"column":4}},"line":17},"2":{"name":"(anonymous_2)","decl":{"start":{"line":20,"column":34},"end":{"line":20,"column":35}},"loc":{"start":{"line":20,"column":53},"end":{"line":23,"column":4}},"line":20},"3":{"name":"(anonymous_3)","decl":{"start":{"line":24,"column":33},"end":{"line":24,"column":34}},"loc":{"start":{"line":24,"column":52},"end":{"line":27,"column":4}},"line":24},"4":{"name":"(anonymous_4)","decl":{"start":{"line":30,"column":29},"end":{"line":30,"column":30}},"loc":{"start":{"line":30,"column":40},"end":{"line":32,"column":4}},"line":30},"5":{"name":"(anonymous_5)","decl":{"start":{"line":33,"column":31},"end":{"line":33,"column":32}},"loc":{"start":{"line":33,"column":50},"end":{"line":36,"column":4}},"line":33},"6":{"name":"(anonymous_6)","decl":{"start":{"line":37,"column":30},"end":{"line":37,"column":31}},"loc":{"start":{"line":37,"column":49},"end":{"line":40,"column":4}},"line":37},"7":{"name":"(anonymous_7)","decl":{"start":{"line":46,"column":1},"end":{"line":46,"column":2}},"loc":{"start":{"line":46,"column":35},"end":{"line":57,"column":2}},"line":46},"8":{"name":"(anonymous_8)","decl":{"start":{"line":62,"column":1},"end":{"line":62,"column":2}},"loc":{"start":{"line":62,"column":57},"end":{"line":83,"column":2}},"line":62}},"branchMap":{"0":{"loc":{"start":{"line":49,"column":3},"end":{"line":49,"column":62}},"type":"if","locations":[{"start":{"line":49,"column":3},"end":{"line":49,"column":62}},{"start":{},"end":{}}],"line":49},"1":{"loc":{"start":{"line":76,"column":3},"end":{"line":76,"column":59}},"type":"if","locations":[{"start":{"line":76,"column":3},"end":{"line":76,"column":59}},{"start":{},"end":{}}],"line":76}},"s":{"0":1,"1":1,"2":1,"3":1,"4":1,"5":1,"6":1,"7":1,"8":1,"9":1,"10":1,"11":1,"12":1,"13":1,"14":1,"15":2,"16":2,"17":2,"18":1,"19":1,"20":1,"21":1,"22":1,"23":2,"24":2,"25":2,"26":1,"27":1,"28":1,"29":1},"f":{"0":1,"1":1,"2":1,"3":1,"4":1,"5":1,"6":1,"7":2,"8":2},"b":{"0":[1,1],"1":[1,1]},"_coverageSchema":"1a1c01bbd47fc00a2c39e90264f33305004495a9","hash":"1f71745dd4c272ae8a001e939200e3b66fa4aac6"}
,"C:\\internship-homework\\redux-toolkit\\src\\redux\\middleware\\actionLogger.js": {"path":"C:\\internship-homework\\redux-toolkit\\src\\redux\\middleware\\actionLogger.js","statementMap":{"0":{"start":{"line":2,"column":2},"end":{"line":9,"column":4}},"1":{"start":{"line":3,"column":4},"end":{"line":8,"column":6}},"2":{"start":{"line":4,"column":6},"end":{"line":4,"column":31}},"3":{"start":{"line":5,"column":21},"end":{"line":5,"column":33}},"4":{"start":{"line":7,"column":6},"end":{"line":7,"column":20}}},"fnMap":{"0":{"name":"actionLogger","decl":{"start":{"line":1,"column":16},"end":{"line":1,"column":28}},"loc":{"start":{"line":1,"column":31},"end":{"line":10,"column":1}},"line":1},"1":{"name":"(anonymous_1)","decl":{"start":{"line":2,"column":9},"end":{"line":2,"column":10}},"loc":{"start":{"line":2,"column":19},"end":{"line":9,"column":3}},"line":2},"2":{"name":"(anonymous_2)","decl":{"start":{"line":3,"column":11},"end":{"line":3,"column":12}},"loc":{"start":{"line":3,"column":23},"end":{"line":8,"column":5}},"line":3}},"branchMap":{},"s":{"0":0,"1":0,"2":0,"3":0,"4":0},"f":{"0":0,"1":0,"2":0},"b":{}}
,"C:\\internship-homework\\redux-toolkit\\src\\redux\\store\\store.js": {"path":"C:\\internship-homework\\redux-toolkit\\src\\redux\\store\\store.js","statementMap":{"0":{"start":{"line":7,"column":21},"end":{"line":15,"column":2}},"1":{"start":{"line":14,"column":4},"end":{"line":14,"column":47}}},"fnMap":{"0":{"name":"(anonymous_0)","decl":{"start":{"line":13,"column":14},"end":{"line":13,"column":15}},"loc":{"start":{"line":14,"column":4},"end":{"line":14,"column":47}},"line":14}},"branchMap":{},"s":{"0":0,"1":0},"f":{"0":0},"b":{}}
}
